[2019-02-25 20-04-04] Текст ошибки: страница не найдена | Файл: /var/www/phpmaster/public/index.php | Строка: 9
[2019-02-25 20-04-42] Текст ошибки: страница не найдена | Файл: /var/www/phpmaster/public/index.php | Строка: 9
[2019-02-25 20-09-04] Текст ошибки: страница не найдена | Файл: /var/www/phpmaster/public/index.php | Строка: 9
[2019-02-25 20-09-04] Текст ошибки: страница не найдена | Файл: /var/www/phpmaster/public/index.php | Строка: 9
[2019-02-25 20-09-33] Текст ошибки: страница не найдена | Файл: /var/www/phpmaster/public/index.php | Строка: 9
[2019-02-25 20-09-33] Текст ошибки: страница не найдена | Файл: /var/www/phpmaster/public/index.php | Строка: 9
[2019-02-25 20-10-25] Текст ошибки: страница не найдена | Файл: /var/www/phpmaster/public/index.php | Строка: 9
[2019-02-25 20-10-26] Текст ошибки: страница не найдена | Файл: /var/www/phpmaster/public/index.php | Строка: 9
[2019-02-25 20-11-26] Текст ошибки: страница не найдена | Файл: /var/www/phpmaster/public/index.php | Строка: 9
[2019-02-25 20-11-27] Текст ошибки: страница не найдена | Файл: /var/www/phpmaster/public/index.php | Строка: 9
[2019-02-25 20-11-34] Текст ошибки: страница не найдена | Файл: /var/www/phpmaster/public/index.php | Строка: 9
[2019-02-25 20-11-34] Текст ошибки: страница не найдена | Файл: /var/www/phpmaster/public/index.php | Строка: 9
[2019-02-25 20-12-12] Текст ошибки: страница не найдена | Файл: /var/www/phpmaster/public/index.php | Строка: 9
[2019-02-25 20-12-12] Текст ошибки: страница не найдена | Файл: /var/www/phpmaster/public/index.php | Строка: 9
[2019-02-25 20-12-16] Текст ошибки: страница не найдена | Файл: /var/www/phpmaster/public/index.php | Строка: 9
[2019-02-25 20-12-16] Текст ошибки: страница не найдена | Файл: /var/www/phpmaster/public/index.php | Строка: 9
[2019-02-25 20-12-31] Текст ошибки: страница не найдена | Файл: /var/www/phpmaster/public/index.php | Строка: 9
[2019-02-25 20-12-32] Текст ошибки: страница не найдена | Файл: /var/www/phpmaster/public/index.php | Строка: 9
[2019-02-25 20-15-38] Текст ошибки: страница не найдена | Файл: /var/www/phpmaster/public/index.php | Строка: 9
[2019-02-25 20-17-04] Текст ошибки: страница не найдена | Файл: /var/www/phpmaster/public/index.php | Строка: 9
[2019-02-25 20-18-12] Текст ошибки: страница не найдена | Файл: /var/www/phpmaster/public/index.php | Строка: 9
[2019-02-25 20-19-18] Текст ошибки: страница не найдена | Файл: /var/www/phpmaster/public/index.php | Строка: 9
[2019-02-26 11-27-15] Текст ошибки: страница не найдена | Файл: /var/www/phpmaster/public/index.php | Строка: 9
[2019-02-26 11-27-16] Текст ошибки: страница не найдена | Файл: /var/www/phpmaster/public/index.php | Строка: 9
[2019-02-27 13-02-16] Текст ошибки: страница не найдена | Файл: /var/www/phpmaster/vendor/ishop/core/Router.php | Строка: 36
[2019-02-27 13-12-25] Текст ошибки: Страница не найдена | Файл: /var/www/phpmaster/vendor/ishop/core/Router.php | Строка: 36
[2019-02-27 13-12-40] Текст ошибки: Страница не найдена | Файл: /var/www/phpmaster/vendor/ishop/core/Router.php | Строка: 36
[2019-02-27 13-13-22] Текст ошибки: Страница не найдена | Файл: /var/www/phpmaster/vendor/ishop/core/Router.php | Строка: 36
[2019-02-27 13-13-47] Текст ошибки: Страница не найдена | Файл: /var/www/phpmaster/vendor/ishop/core/Router.php | Строка: 36
[2019-02-27 13-13-55] Текст ошибки: Страница не найдена | Файл: /var/www/phpmaster/vendor/ishop/core/Router.php | Строка: 36
[2019-02-27 13-14-25] Текст ошибки: Страница не найдена | Файл: /var/www/phpmaster/vendor/ishop/core/Router.php | Строка: 36
[2019-02-27 13-28-30] Текст ошибки: Контроллер app\controller\PageNewErController не найден | Файл: /var/www/phpmaster/vendor/ishop/core/Router.php | Строка: 38
[2019-02-27 13-33-40] Текст ошибки: Class 'app\controller\PageNewErController' not found | Файл: /var/www/phpmaster/vendor/ishop/core/Router.php | Строка: 35
[2019-02-27 13-38-16] Текст ошибки: Контроллер app\controller\MainController не найден | Файл: /var/www/phpmaster/vendor/ishop/core/Router.php | Строка: 46
[2019-02-27 13-39-57] Текст ошибки: Контроллер app\controller\MainController не найден | Файл: /var/www/phpmaster/vendor/ishop/core/Router.php | Строка: 46
[2019-02-27 13-39-58] Текст ошибки: Контроллер app\controller\MainController не найден | Файл: /var/www/phpmaster/vendor/ishop/core/Router.php | Строка: 46
[2019-02-27 15-08-18] Текст ошибки: syntax error, unexpected 'class' (T_CLASS), expecting ',' or ';' | Файл: /var/www/phpmaster/app/controllers/MainController.php | Строка: 13
[2019-02-27 15-08-18] Текст ошибки: Страница не найдена | Файл: /var/www/phpmaster/vendor/ishop/core/Router.php | Строка: 50
[2019-03-09 08-37-11] Текст ошибки: Страница не найдена | Файл: /var/www/avito/vendor/ishop/core/Router.php | Строка: 50
[2019-03-09 09-12-49] Текст ошибки: Страница не найдена | Файл: /var/www/avito/vendor/ishop/core/Router.php | Строка: 50
[2019-03-09 09-12-49] Текст ошибки: Страница не найдена | Файл: /var/www/avito/vendor/ishop/core/Router.php | Строка: 50
[2019-03-09 09-12-49] Текст ошибки: Страница не найдена | Файл: /var/www/avito/vendor/ishop/core/Router.php | Строка: 50
[2019-03-09 09-12-49] Текст ошибки: Страница не найдена | Файл: /var/www/avito/vendor/ishop/core/Router.php | Строка: 50
[2019-03-09 09-12-49] Текст ошибки: Контроллер app\controllers\EventsController не найден | Файл: /var/www/avito/vendor/ishop/core/Router.php | Строка: 46
[2019-03-09 09-12-50] Текст ошибки: Контроллер app\controllers\EventsController не найден | Файл: /var/www/avito/vendor/ishop/core/Router.php | Строка: 46
[2019-03-09 09-12-50] Текст ошибки: Контроллер app\controllers\EventsController не найден | Файл: /var/www/avito/vendor/ishop/core/Router.php | Строка: 46
[2019-03-09 09-12-51] Текст ошибки: Страница не найдена | Файл: /var/www/avito/vendor/ishop/core/Router.php | Строка: 50
[2019-03-09 09-12-52] Текст ошибки: Контроллер app\controllers\EventsController не найден | Файл: /var/www/avito/vendor/ishop/core/Router.php | Строка: 46
[2019-03-09 09-14-22] Текст ошибки: Страница не найдена | Файл: /var/www/avito/vendor/ishop/core/Router.php | Строка: 50
[2019-03-09 09-14-26] Текст ошибки: Страница не найдена | Файл: /var/www/avito/vendor/ishop/core/Router.php | Строка: 50
[2019-03-09 09-14-26] Текст ошибки: Страница не найдена | Файл: /var/www/avito/vendor/ishop/core/Router.php | Строка: 50
[2019-03-09 09-14-26] Текст ошибки: Страница не найдена | Файл: /var/www/avito/vendor/ishop/core/Router.php | Строка: 50
[2019-03-09 09-14-26] Текст ошибки: Страница не найдена | Файл: /var/www/avito/vendor/ishop/core/Router.php | Строка: 50
[2019-03-09 09-14-26] Текст ошибки: Контроллер app\controllers\EventsController не найден | Файл: /var/www/avito/vendor/ishop/core/Router.php | Строка: 46
[2019-03-09 09-14-27] Текст ошибки: Контроллер app\controllers\EventsController не найден | Файл: /var/www/avito/vendor/ishop/core/Router.php | Строка: 46
[2019-03-09 09-14-28] Текст ошибки: Страница не найдена | Файл: /var/www/avito/vendor/ishop/core/Router.php | Строка: 50
[2019-03-09 09-14-28] Текст ошибки: Контроллер app\controllers\EventsController не найден | Файл: /var/www/avito/vendor/ishop/core/Router.php | Строка: 46
[2019-03-09 09-14-48] Текст ошибки: Страница не найдена | Файл: /var/www/avito/vendor/ishop/core/Router.php | Строка: 50
[2019-03-09 09-23-28] Текст ошибки: Страница не найдена | Файл: /var/www/avito/vendor/ishop/core/Router.php | Строка: 50
[2019-03-09 10-40-49] Текст ошибки: Страница не найдена | Файл: /var/www/avito/vendor/ishop/core/Router.php | Строка: 50
[2019-03-09 10-41-09] Текст ошибки: Страница не найдена | Файл: /var/www/avito/vendor/ishop/core/Router.php | Строка: 50
[2019-03-09 10-55-43] Текст ошибки: Call to a member function getAttribute() on null | Файл: /var/www/avito/app/models/XmlPathParse.php | Строка: 29
[2019-03-09 11-15-23] Текст ошибки: syntax error, unexpected 'public' (T_PUBLIC), expecting ',' or ';' | Файл: /var/www/avito/app/controllers/MainController.php | Строка: 19
[2019-03-09 11-15-42] Текст ошибки: syntax error, unexpected 'public' (T_PUBLIC), expecting ',' or ';' | Файл: /var/www/avito/app/controllers/MainController.php | Строка: 19
[2019-03-09 11-24-59] Текст ошибки: Too few arguments to function app\models\XmlPathParse::__construct(), 0 passed in /var/www/avito/app/controllers/MainController.php on line 22 and exactly 1 expected | Файл: /var/www/avito/app/models/XmlPathParse.php | Строка: 16
[2019-03-09 11-54-09] Текст ошибки: Контроллер app\controllers\Controller не найден | Файл: /var/www/avito/vendor/ishop/core/Router.php | Строка: 46
[2019-03-09 11-54-25] Текст ошибки: Контроллер app\controllers\Controller не найден | Файл: /var/www/avito/vendor/ishop/core/Router.php | Строка: 46
[2019-03-09 11-54-50] Текст ошибки: Контроллер app\controllers\Controller не найден | Файл: /var/www/avito/vendor/ishop/core/Router.php | Строка: 46
[2019-03-09 11-54-56] Текст ошибки: Контроллер app\controllers\Controller не найден | Файл: /var/www/avito/vendor/ishop/core/Router.php | Строка: 46
[2019-03-09 11-55-04] Текст ошибки: Контроллер app\controllers\Controller не найден | Файл: /var/www/avito/vendor/ishop/core/Router.php | Строка: 46
[2019-03-09 11-57-35] Текст ошибки: Страница не найдена | Файл: /var/www/avito/vendor/ishop/core/Router.php | Строка: 50
[2019-03-09 11-58-03] Текст ошибки: Страница не найдена | Файл: /var/www/avito/vendor/ishop/core/Router.php | Строка: 50
[2019-03-09 18-47-53] Текст ошибки: Call to undefined method Doctrine\DBAL\Query\QueryBuilder::insertIgnore() | Файл: /var/www/avito/app/models/insertDb.php | Строка: 22
[2019-03-09 18-54-49] Текст ошибки: An exception occurred in driver: SQLSTATE[HY000] [1049] Unknown database 'mydb' | Файл: /var/www/avito/vendor/doctrine/dbal/lib/Doctrine/DBAL/Driver/AbstractMySQLDriver.php | Строка: 93
[2019-03-09 18-55-33] Текст ошибки: An exception occurred in driver: SQLSTATE[HY000] [1049] Unknown database 'mydb' | Файл: /var/www/avito/vendor/doctrine/dbal/lib/Doctrine/DBAL/Driver/AbstractMySQLDriver.php | Строка: 93
[2019-03-09 18-57-42] Текст ошибки: An exception occurred while executing 'INSERT IGNORE avito.avito_list_link(link, name, year) VALUES ('/moskva/avtomobili/saab_9-3_2007_999164752','Saab 9-3'.'2007'),('/moskva/avtomobili/hyundai_equus_2012_1069297823','Hyundai Equus'.'2012'),('/moskva/avtomobili/mazda_3_2014_1693122357','Mazda 3'.'2014'),('/moskva/avtomobili/hyundai_solaris_2015_1567038725','Hyundai Solaris'.'2015'),('/moskva/avtomobili/bmw_m5_1992_977033114','BMW M5'.'1992'),('/moskva/avtomobili/opel_insignia_2011_1651989912','Opel Insignia'.'2011'),('/moskva/avtomobili/hyundai_equus_2014_1580006904','Hyundai Equus'.'2014'),('/moskva/avtomobili/renault_logan_2007_1333078935','Renault Logan'.'2007'),('/moskva/avtomobili/ford_excursion_1999_1671507678','Ford Excursion'.'1999'),('/moskva/avtomobili/fiat_punto_1998_1423028395','FIAT Punto'.'1998'),('/moskva/avtomobili/volkswagen_passat_1998_1328255395','Volkswagen Passat'.'1998'),('/moskva/avtomobili/peugeot_4007_2011_1717318922','Peugeot 4007'.'2011'),('/moskva/avtomobili/ford_fusion_2007_1376775405','Ford Fusion'.'2007'),('/moskva/avtomobili/volkswagen_amarok_2012_1575195853','Volkswagen Amarok'.'2012'),('/moskva/avtomobili/volkswagen_jetta_2013_1508100462','Volkswagen Jetta'.'2013'),('/moskva/avtomobili/mercedes-benz_glk-klass_2008_1307775994','Mercedes-Benz GLK-класс'.'2008'),('/moskva/avtomobili/volkswagen_jetta_2012_1356823787','Volkswagen Jetta'.'2012'),('/moskva/avtomobili/toyota_rav4_2008_1250345518','Toyota RAV4'.'2008'),('/moskva/avtomobili/kia_ceed_2010_1078854310','KIA cee\'d'.'2010'),('/moskva/avtomobili/toyota_corolla_2003_1437194659','Toyota Corolla'.'2003'),('/moskva/avtomobili/audi_a7_2012_1304441217','Audi A7'.'2012'),('/moskva/avtomobili/mercedes-benz_c-klass_1994_1340092663','Mercedes-Benz C-класс'.'1994'),('/moskva/avtomobili/kia_cerato_2015_1554562461','KIA Cerato'.'2015'),('/moskva/avtomobili/dodge_caliber_2010_947752683','Dodge Caliber'.'2010'),('/moskva/avtomobili/opel_astra_2003_1622636205','Opel Astra'.'2003'),('/moskva/avtomobili/lada_4x4_niva_2000_1556071797','LADA 4x4 (Нива)'.'2000'),('/moskva/avtomobili/peugeot_boxer_2000_1224020322','Peugeot Boxer'.'2000'),('/moskva/avtomobili/ford_focus_2003_561487056','Ford Focus'.'2003'),('/moskva/avtomobili/daewoo_nexia_2011_1300185891','Daewoo Nexia'.'2011'),('/moskva/avtomobili/mercedes-benz_c-klass_2001_1151696634','Mercedes-Benz C-класс'.'2001'),('/moskva/avtomobili/kia_sportage_2010_1248165687','KIA Sportage'.'2010'),('/moskva/avtomobili/audi_a8_2001_946111986','Audi A8'.'2001'),('/moskva/avtomobili/fiat_albea_2008_1705740332','FIAT Albea'.'2008'),('/moskva/avtomobili/ford_focus_2006_1346263378','Ford Focus'.'2006'),('/moskva/avtomobili/mercedes-benz_c-klass_2005_1402744982','Mercedes-Benz C-класс'.'2005'),('/moskva/avtomobili/mercedes-benz_a-klass_2014_967963704','Mercedes-Benz A-класс'.'2014'),('/moskva/avtomobili/vaz_2115_samara_2005_1107432206','ВАЗ 2115 Samara'.'2005'),('/moskva/avtomobili/mazda_cx-5_2012_1216875843','Mazda CX-5'.'2012'),('/moskva/avtomobili/infiniti_fx35_2006_1065209249','Infiniti FX35'.'2006'),('/moskva/avtomobili/bmw_3_seriya_2007_1606128583','BMW 3 серия'.'2007'),('/moskva/avtomobili/daewoo_nexia_2010_1343123814','Daewoo Nexia'.'2010'),('/moskva/avtomobili/bmw_3_seriya_1981_1329171295','BMW 3 серия'.'1981'),('/moskva/avtomobili/volkswagen_passat_2012_1689151102','Volkswagen Passat'.'2012'),('/moskva/avtomobili/kia_sportage_2013_1278888680','KIA Sportage'.'2013'),('/moskva/avtomobili/hyundai_creta_2016_1469748194','Hyundai Creta'.'2016'),('/moskva/avtomobili/opel_astra_gtc_2009_1099144885','Opel Astra GTC'.'2009'),('/moskva/avtomobili/suzuki_grand_vitara_2005_1387600095','Suzuki Grand Vitara'.'2005'),('/moskva/avtomobili/renault_fluence_2013_1403703691','Renault Fluence'.'2013'),('/moskva_zelenograd/avtomobili/lifan_murman_2017_1244308508','LIFAN Murman'.'2017'),('/moskva/avtomobili/datsun_mi-do_2015_1337450803','Datsun mi-DO'.'2015'),('/moskva/avtomobili/hyundai_santa_fe_2008_1545841636','Hyundai Santa Fe'.'2008'),('/moskva/avtomobili/hyundai_solaris_2014_1350464132','Hyundai Solaris'.'2014'),('/moskva/avtomobili/ssangyong_kyron_2010_1247564505','SsangYong Kyron'.'2010'),('/moskva/avtomobili/lada_largus_2014_937502885','LADA Largus'.'2014')':

SQLSTATE[42000]: Syntax error or access violation: 1064 You have an error in your SQL syntax; check the manual that corresponds to your MySQL server version for the right syntax to use near '.'2007'),('/moskva/avtomobili/hyundai_equus_2012_1069297823','Hyundai Equus'.'20' at line 1 | Файл: /var/www/avito/vendor/doctrine/dbal/lib/Doctrine/DBAL/Driver/AbstractMySQLDriver.php | Строка: 79
[2019-03-09 20-09-21] Текст ошибки: An exception occurred while executing 'UPDATE avito.avito_list_link l SET l.process = ? WHERE l.id = ?' with params ["1"]:

SQLSTATE[HY093]: Invalid parameter number: number of bound variables does not match number of tokens | Файл: /var/www/avito/vendor/doctrine/dbal/lib/Doctrine/DBAL/Driver/AbstractMySQLDriver.php | Строка: 106
[2019-03-09 20-09-53] Текст ошибки: An exception occurred while executing 'UPDATE avito.avito_list_link l SET l.process = ? WHERE l.id = ?' with params ["1"]:

SQLSTATE[HY093]: Invalid parameter number: number of bound variables does not match number of tokens | Файл: /var/www/avito/vendor/doctrine/dbal/lib/Doctrine/DBAL/Driver/AbstractMySQLDriver.php | Строка: 106
[2019-03-09 20-20-40] Текст ошибки: Cannot write property | Файл: /var/www/avito/app/models/XmlPathParse.php | Строка: 64
[2019-03-09 20-20-54] Текст ошибки: Cannot write property | Файл: /var/www/avito/app/models/XmlPathParse.php | Строка: 64
[2019-03-09 21-21-14] Текст ошибки: An exception occurred while executing 'INSERT INTO avito.avito_advert (id_link, condition, owners, mileage, rudder, drive, color, engine_capacity, model, mark, year_of_issue, body_type, engine_type, transmission, engine_power, number_of_doors, vin) VALUES(?, ?, ?, ?, ?, ?, ?, ?, ?, ?, ?, ?, ?, ?, ?, ?, ?)' with params ["1", "\u043d\u0435 \u0431\u0438\u0442\u044b\u0439", "3", "213000\u00a0\u043a\u043c", "\u043b\u0435\u0432\u044b\u0439", "\u043f\u043e\u043b\u043d\u044b\u0439", "\u0447\u0451\u0440\u043d\u044b\u0439", "3.6", "Q7", "Audi", "2007", "\u0432\u043d\u0435\u0434\u043e\u0440\u043e\u0436\u043d\u0438\u043a", "\u0431\u0435\u043d\u0437\u0438\u043d", "\u0430\u0432\u0442\u043e\u043c\u0430\u0442", "280\u00a0\u043b.\u0441.", "5", "WAUZZZ4L*7D****01"]:

SQLSTATE[42000]: Syntax error or access violation: 1064 You have an error in your SQL syntax; check the manual that corresponds to your MySQL server version for the right syntax to use near 'condition, owners, mileage, rudder, drive, color, engine_capacity, model, mark, ' at line 1 | Файл: /var/www/avito/vendor/doctrine/dbal/lib/Doctrine/DBAL/Driver/AbstractMySQLDriver.php | Строка: 79
[2019-03-09 21-23-08] Текст ошибки: Call to a member function rowCount() on integer | Файл: /var/www/avito/app/models/insertDb.php | Строка: 85
[2019-03-10 09-17-26] Текст ошибки: Call to undefined method DOMElement::getClassName() | Файл: /var/www/avito/app/models/XmlPathParse.php | Строка: 46
[2019-03-10 09-17-27] Текст ошибки: Call to undefined method DOMElement::getClassName() | Файл: /var/www/avito/app/models/XmlPathParse.php | Строка: 46
[2019-03-10 09-36-03] Текст ошибки: Argument 2 passed to DOMXPath::query() must be an instance of DOMNode or null, string given | Файл: /var/www/avito/app/models/XmlPathParse.php | Строка: 53
[2019-03-10 09-36-04] Текст ошибки: Argument 2 passed to DOMXPath::query() must be an instance of DOMNode or null, string given | Файл: /var/www/avito/app/models/XmlPathParse.php | Строка: 53
[2019-03-10 09-37-12] Текст ошибки: Call to undefined method DOMElement::item() | Файл: /var/www/avito/app/models/XmlPathParse.php | Строка: 53
[2019-03-10 09-37-13] Текст ошибки: Call to undefined method DOMElement::item() | Файл: /var/www/avito/app/models/XmlPathParse.php | Строка: 53
[2019-03-10 09-38-48] Текст ошибки: Argument 2 passed to DOMXPath::query() must be an instance of DOMNode or null, instance of DOMNodeList given | Файл: /var/www/avito/app/models/XmlPathParse.php | Строка: 54
[2019-03-10 09-38-49] Текст ошибки: Argument 2 passed to DOMXPath::query() must be an instance of DOMNode or null, instance of DOMNodeList given | Файл: /var/www/avito/app/models/XmlPathParse.php | Строка: 54
[2019-03-10 11-44-59] Текст ошибки: Не удалось получить колличество страниц | Файл: /var/www/avito/app/controllers/MainController.php | Строка: 45
[2019-03-10 11-45-21] Текст ошибки: Не удалось получить колличество страниц | Файл: /var/www/avito/app/controllers/MainController.php | Строка: 45
[2019-03-10 11-45-22] Текст ошибки: Не удалось получить колличество страниц | Файл: /var/www/avito/app/controllers/MainController.php | Строка: 45
[2019-03-10 11-46-10] Текст ошибки: Не удалось получить колличество страниц | Файл: /var/www/avito/app/controllers/MainController.php | Строка: 45
[2019-03-10 11-46-10] Текст ошибки: Не удалось получить колличество страниц | Файл: /var/www/avito/app/controllers/MainController.php | Строка: 45
[2019-03-10 11-47-01] Текст ошибки: Не удалось получить колличество страниц | Файл: /var/www/avito/app/controllers/MainController.php | Строка: 45
[2019-03-10 11-47-01] Текст ошибки: Не удалось получить колличество страниц | Файл: /var/www/avito/app/controllers/MainController.php | Строка: 45
[2019-03-10 11-47-14] Текст ошибки: Не удалось получить колличество страниц | Файл: /var/www/avito/app/controllers/MainController.php | Строка: 45
[2019-03-10 11-47-15] Текст ошибки: Не удалось получить колличество страниц | Файл: /var/www/avito/app/controllers/MainController.php | Строка: 45
[2019-03-10 11-47-30] Текст ошибки: Не удалось получить колличество страниц | Файл: /var/www/avito/app/controllers/MainController.php | Строка: 45
[2019-03-10 12-04-54] Текст ошибки: An exception occurred while executing 'INSERT INTO avito.avito_advert (`id_link`, `condition`, `owners`, `mileage`, `rudder`, `drive`, `color`, `engine_capacity`, `model`, `mark`, `year_of_issue`, `body_type`, `engine_type`, `transmission`, `engine_power`, `number_of_doors`, `vin`, `addr`) VALUES(?, ?, ?, ?, ?, ?, ?, ?, ?, ?, ?, ?, ?, ?, ?, ?, ?, ?)' with params ["374", "\u043d\u0435 \u0431\u0438\u0442\u044b\u0439", "3", "250000\u00a0\u043a\u043c", "\u043b\u0435\u0432\u044b\u0439", "\u0437\u0430\u0434\u043d\u0438\u0439", "\u0441\u0438\u043d\u0438\u0439", "1.6", "Almera Classic", "Nissan", "2006", "\u0441\u0435\u0434\u0430\u043d", "\u0431\u0435\u043d\u0437\u0438\u043d", "\u0430\u0432\u0442\u043e\u043c\u0430\u0442", "120\u00a0\u043b.\u0441.", "4", "KNMCSHLA*6P****72", "\n \u0420\u0435\u0441\u043f\u0443\u0431\u043b\u0438\u043a\u0430 \u0414\u0430\u0433\u0435\u0441\u0442\u0430\u043d, \u0433\u043e\u0440\u043e\u0434\u0441\u043a\u043e\u0439 \u043e\u043a\u0440\u0443\u0433 \u041c\u0430\u0445\u0430\u0447\u043a\u0430\u043b\u0430, \u043f\u043e\u0441\u0451\u043b\u043e\u043a \u0433\u043e\u0440\u043e\u0434\u0441\u043a\u043e\u0433\u043e \u0442\u0438\u043f\u0430 \u041b\u0435\u043d\u0438\u043d\u043a\u0435\u043d\u0442, \u0443\u043b\u0438\u0446\u0430 \u041a\u043e\u0440\u043a\u043c\u0430\u0441\u043e\u0432\u0430\n "]:

SQLSTATE[22001]: String data, right truncated: 1406 Data too long for column 'addr' at row 1 | Файл: /var/www/avito/vendor/doctrine/dbal/lib/Doctrine/DBAL/Driver/AbstractMySQLDriver.php | Строка: 106
[2019-03-10 12-42-27] Текст ошибки: Call to a member function item() on boolean | Файл: /var/www/avito/app/models/XmlPathParse.php | Строка: 143
[2019-03-10 12-44-07] Текст ошибки: Call to a member function item() on boolean | Файл: /var/www/avito/app/models/XmlPathParse.php | Строка: 143
[2019-03-10 12-44-08] Текст ошибки: Call to a member function item() on boolean | Файл: /var/www/avito/app/models/XmlPathParse.php | Строка: 143
[2019-03-10 12-58-51] Текст ошибки: An exception occurred while executing 'INSERT INTO avito.avito_advert (`id_link`, `condition`, `owners`, `mileage`, `rudder`, `drive`, `color`, `engine_capacity`, `model`, `mark`, `year_of_issue`, `body_type`, `engine_type`, `transmission`, `engine_power`, `number_of_doors`, `vin`, `addr`, `price`) VALUES(?, ?, ?, ?, ?, ?, ?, ?, ?, ?, ?, ?, ?, ?, ?, ?, ?, ?, ?)' with params ["374", "\u043d\u0435 \u0431\u0438\u0442\u044b\u0439", "3", "250000\u00a0\u043a\u043c", "\u043b\u0435\u0432\u044b\u0439", "\u0437\u0430\u0434\u043d\u0438\u0439", "\u0441\u0438\u043d\u0438\u0439", "1.6", "Almera Classic", "Nissan", "2006", "\u0441\u0435\u0434\u0430\u043d", "\u0431\u0435\u043d\u0437\u0438\u043d", "\u0430\u0432\u0442\u043e\u043c\u0430\u0442", "120\u00a0\u043b.\u0441.", "4", "KNMCSHLA*6P****72", "\n \u0420\u0435\u0441\u043f\u0443\u0431\u043b\u0438\u043a\u0430 \u0414\u0430\u0433\u0435\u0441\u0442\u0430\u043d, \u0433\u043e\u0440\u043e\u0434\u0441\u043a\u043e\u0439 \u043e\u043a\u0440\u0443\u0433 \u041c\u0430\u0445\u0430\u0447\u043a\u0430\u043b\u0430, \u043f\u043e\u0441\u0451\u043b\u043e\u043a \u0433\u043e\u0440\u043e\u0434\u0441\u043a\u043e\u0433\u043e \u0442\u0438\u043f\u0430 \u041b\u0435\u043d\u0438\u043d\u043a\u0435\u043d\u0442, \u0443\u043b\u0438\u0446\u0430 \u041a\u043e\u0440\u043a\u043c\u0430\u0441\u043e\u0432\u0430\n ", "230000"]:

SQLSTATE[22001]: String data, right truncated: 1406 Data too long for column 'addr' at row 1 | Файл: /var/www/avito/vendor/doctrine/dbal/lib/Doctrine/DBAL/Driver/AbstractMySQLDriver.php | Строка: 106
[2019-03-10 12-59-25] Текст ошибки: An exception occurred while executing 'INSERT INTO avito.avito_advert (`id_link`, `condition`, `owners`, `mileage`, `rudder`, `drive`, `color`, `engine_capacity`, `model`, `mark`, `year_of_issue`, `body_type`, `engine_type`, `transmission`, `engine_power`, `number_of_doors`, `vin`, `addr`, `price`) VALUES(?, ?, ?, ?, ?, ?, ?, ?, ?, ?, ?, ?, ?, ?, ?, ?, ?, ?, ?)' with params ["374", "\u043d\u0435 \u0431\u0438\u0442\u044b\u0439", "3", "250000\u00a0\u043a\u043c", "\u043b\u0435\u0432\u044b\u0439", "\u0437\u0430\u0434\u043d\u0438\u0439", "\u0441\u0438\u043d\u0438\u0439", "1.6", "Almera Classic", "Nissan", "2006", "\u0441\u0435\u0434\u0430\u043d", "\u0431\u0435\u043d\u0437\u0438\u043d", "\u0430\u0432\u0442\u043e\u043c\u0430\u0442", "120\u00a0\u043b.\u0441.", "4", "KNMCSHLA*6P****72", "\n \u0420\u0435\u0441\u043f\u0443\u0431\u043b\u0438\u043a\u0430 \u0414\u0430\u0433\u0435\u0441\u0442\u0430\u043d, \u0433\u043e\u0440\u043e\u0434\u0441\u043a\u043e\u0439 \u043e\u043a\u0440\u0443\u0433 \u041c\u0430\u0445\u0430\u0447\u043a\u0430\u043b\u0430, \u043f\u043e\u0441\u0451\u043b\u043e\u043a \u0433\u043e\u0440\u043e\u0434\u0441\u043a\u043e\u0433\u043e \u0442\u0438\u043f\u0430 \u041b\u0435\u043d\u0438\u043d\u043a\u0435\u043d\u0442, \u0443\u043b\u0438\u0446\u0430 \u041a\u043e\u0440\u043a\u043c\u0430\u0441\u043e\u0432\u0430\n ", "230000"]:

SQLSTATE[22001]: String data, right truncated: 1406 Data too long for column 'addr' at row 1 | Файл: /var/www/avito/vendor/doctrine/dbal/lib/Doctrine/DBAL/Driver/AbstractMySQLDriver.php | Строка: 106
[2019-03-10 12-59-26] Текст ошибки: An exception occurred while executing 'INSERT INTO avito.avito_advert (`id_link`, `condition`, `owners`, `mileage`, `rudder`, `drive`, `color`, `engine_capacity`, `model`, `mark`, `year_of_issue`, `body_type`, `engine_type`, `transmission`, `engine_power`, `number_of_doors`, `vin`, `addr`, `price`) VALUES(?, ?, ?, ?, ?, ?, ?, ?, ?, ?, ?, ?, ?, ?, ?, ?, ?, ?, ?)' with params ["374", "\u043d\u0435 \u0431\u0438\u0442\u044b\u0439", "3", "250000\u00a0\u043a\u043c", "\u043b\u0435\u0432\u044b\u0439", "\u0437\u0430\u0434\u043d\u0438\u0439", "\u0441\u0438\u043d\u0438\u0439", "1.6", "Almera Classic", "Nissan", "2006", "\u0441\u0435\u0434\u0430\u043d", "\u0431\u0435\u043d\u0437\u0438\u043d", "\u0430\u0432\u0442\u043e\u043c\u0430\u0442", "120\u00a0\u043b.\u0441.", "4", "KNMCSHLA*6P****72", "\n \u0420\u0435\u0441\u043f\u0443\u0431\u043b\u0438\u043a\u0430 \u0414\u0430\u0433\u0435\u0441\u0442\u0430\u043d, \u0433\u043e\u0440\u043e\u0434\u0441\u043a\u043e\u0439 \u043e\u043a\u0440\u0443\u0433 \u041c\u0430\u0445\u0430\u0447\u043a\u0430\u043b\u0430, \u043f\u043e\u0441\u0451\u043b\u043e\u043a \u0433\u043e\u0440\u043e\u0434\u0441\u043a\u043e\u0433\u043e \u0442\u0438\u043f\u0430 \u041b\u0435\u043d\u0438\u043d\u043a\u0435\u043d\u0442, \u0443\u043b\u0438\u0446\u0430 \u041a\u043e\u0440\u043a\u043c\u0430\u0441\u043e\u0432\u0430\n ", "230000"]:

SQLSTATE[22001]: String data, right truncated: 1406 Data too long for column 'addr' at row 1 | Файл: /var/www/avito/vendor/doctrine/dbal/lib/Doctrine/DBAL/Driver/AbstractMySQLDriver.php | Строка: 106
[2019-03-10 13-00-19] Текст ошибки: An exception occurred while executing 'INSERT INTO avito.avito_advert (`id_link`, `condition`, `owners`, `mileage`, `rudder`, `drive`, `color`, `engine_capacity`, `model`, `mark`, `year_of_issue`, `body_type`, `engine_type`, `transmission`, `engine_power`, `number_of_doors`, `vin`, `addr`, `price`) VALUES(?, ?, ?, ?, ?, ?, ?, ?, ?, ?, ?, ?, ?, ?, ?, ?, ?, ?, ?)' with params ["374", "\u043d\u0435 \u0431\u0438\u0442\u044b\u0439", "3", "250000\u00a0\u043a\u043c", "\u043b\u0435\u0432\u044b\u0439", "\u0437\u0430\u0434\u043d\u0438\u0439", "\u0441\u0438\u043d\u0438\u0439", "1.6", "Almera Classic", "Nissan", "2006", "\u0441\u0435\u0434\u0430\u043d", "\u0431\u0435\u043d\u0437\u0438\u043d", "\u0430\u0432\u0442\u043e\u043c\u0430\u0442", "120\u00a0\u043b.\u0441.", "4", "KNMCSHLA*6P****72", "\n \u0420\u0435\u0441\u043f\u0443\u0431\u043b\u0438\u043a\u0430 \u0414\u0430\u0433\u0435\u0441\u0442\u0430\u043d, \u0433\u043e\u0440\u043e\u0434\u0441\u043a\u043e\u0439 \u043e\u043a\u0440\u0443\u0433 \u041c\u0430\u0445\u0430\u0447\u043a\u0430\u043b\u0430, \u043f\u043e\u0441\u0451\u043b\u043e\u043a \u0433\u043e\u0440\u043e\u0434\u0441\u043a\u043e\u0433\u043e \u0442\u0438\u043f\u0430 \u041b\u0435\u043d\u0438\u043d\u043a\u0435\u043d\u0442, \u0443\u043b\u0438\u0446\u0430 \u041a\u043e\u0440\u043a\u043c\u0430\u0441\u043e\u0432\u0430\n ", "230000"]:

SQLSTATE[22001]: String data, right truncated: 1406 Data too long for column 'addr' at row 1 | Файл: /var/www/avito/vendor/doctrine/dbal/lib/Doctrine/DBAL/Driver/AbstractMySQLDriver.php | Строка: 106
[2019-03-10 13-00-19] Текст ошибки: An exception occurred while executing 'INSERT INTO avito.avito_advert (`id_link`, `condition`, `owners`, `mileage`, `rudder`, `drive`, `color`, `engine_capacity`, `model`, `mark`, `year_of_issue`, `body_type`, `engine_type`, `transmission`, `engine_power`, `number_of_doors`, `vin`, `addr`, `price`) VALUES(?, ?, ?, ?, ?, ?, ?, ?, ?, ?, ?, ?, ?, ?, ?, ?, ?, ?, ?)' with params ["374", "\u043d\u0435 \u0431\u0438\u0442\u044b\u0439", "3", "250000\u00a0\u043a\u043c", "\u043b\u0435\u0432\u044b\u0439", "\u0437\u0430\u0434\u043d\u0438\u0439", "\u0441\u0438\u043d\u0438\u0439", "1.6", "Almera Classic", "Nissan", "2006", "\u0441\u0435\u0434\u0430\u043d", "\u0431\u0435\u043d\u0437\u0438\u043d", "\u0430\u0432\u0442\u043e\u043c\u0430\u0442", "120\u00a0\u043b.\u0441.", "4", "KNMCSHLA*6P****72", "\n \u0420\u0435\u0441\u043f\u0443\u0431\u043b\u0438\u043a\u0430 \u0414\u0430\u0433\u0435\u0441\u0442\u0430\u043d, \u0433\u043e\u0440\u043e\u0434\u0441\u043a\u043e\u0439 \u043e\u043a\u0440\u0443\u0433 \u041c\u0430\u0445\u0430\u0447\u043a\u0430\u043b\u0430, \u043f\u043e\u0441\u0451\u043b\u043e\u043a \u0433\u043e\u0440\u043e\u0434\u0441\u043a\u043e\u0433\u043e \u0442\u0438\u043f\u0430 \u041b\u0435\u043d\u0438\u043d\u043a\u0435\u043d\u0442, \u0443\u043b\u0438\u0446\u0430 \u041a\u043e\u0440\u043a\u043c\u0430\u0441\u043e\u0432\u0430\n ", "230000"]:

SQLSTATE[22001]: String data, right truncated: 1406 Data too long for column 'addr' at row 1 | Файл: /var/www/avito/vendor/doctrine/dbal/lib/Doctrine/DBAL/Driver/AbstractMySQLDriver.php | Строка: 106
[2019-03-10 13-00-33] Текст ошибки: An exception occurred while executing 'INSERT INTO avito.avito_advert (`id_link`, `condition`, `owners`, `mileage`, `rudder`, `drive`, `color`, `engine_capacity`, `model`, `mark`, `year_of_issue`, `body_type`, `engine_type`, `transmission`, `engine_power`, `number_of_doors`, `vin`, `addr`, `price`) VALUES(?, ?, ?, ?, ?, ?, ?, ?, ?, ?, ?, ?, ?, ?, ?, ?, ?, ?, ?)' with params ["374", "\u043d\u0435 \u0431\u0438\u0442\u044b\u0439", "3", "250000\u00a0\u043a\u043c", "\u043b\u0435\u0432\u044b\u0439", "\u0437\u0430\u0434\u043d\u0438\u0439", "\u0441\u0438\u043d\u0438\u0439", "1.6", "Almera Classic", "Nissan", "2006", "\u0441\u0435\u0434\u0430\u043d", "\u0431\u0435\u043d\u0437\u0438\u043d", "\u0430\u0432\u0442\u043e\u043c\u0430\u0442", "120\u00a0\u043b.\u0441.", "4", "KNMCSHLA*6P****72", "\n \u0420\u0435\u0441\u043f\u0443\u0431\u043b\u0438\u043a\u0430 \u0414\u0430\u0433\u0435\u0441\u0442\u0430\u043d, \u0433\u043e\u0440\u043e\u0434\u0441\u043a\u043e\u0439 \u043e\u043a\u0440\u0443\u0433 \u041c\u0430\u0445\u0430\u0447\u043a\u0430\u043b\u0430, \u043f\u043e\u0441\u0451\u043b\u043e\u043a \u0433\u043e\u0440\u043e\u0434\u0441\u043a\u043e\u0433\u043e \u0442\u0438\u043f\u0430 \u041b\u0435\u043d\u0438\u043d\u043a\u0435\u043d\u0442, \u0443\u043b\u0438\u0446\u0430 \u041a\u043e\u0440\u043a\u043c\u0430\u0441\u043e\u0432\u0430\n ", "230000"]:

SQLSTATE[22001]: String data, right truncated: 1406 Data too long for column 'addr' at row 1 | Файл: /var/www/avito/vendor/doctrine/dbal/lib/Doctrine/DBAL/Driver/AbstractMySQLDriver.php | Строка: 106
[2019-03-10 13-00-34] Текст ошибки: An exception occurred while executing 'INSERT INTO avito.avito_advert (`id_link`, `condition`, `owners`, `mileage`, `rudder`, `drive`, `color`, `engine_capacity`, `model`, `mark`, `year_of_issue`, `body_type`, `engine_type`, `transmission`, `engine_power`, `number_of_doors`, `vin`, `addr`, `price`) VALUES(?, ?, ?, ?, ?, ?, ?, ?, ?, ?, ?, ?, ?, ?, ?, ?, ?, ?, ?)' with params ["374", "\u043d\u0435 \u0431\u0438\u0442\u044b\u0439", "3", "250000\u00a0\u043a\u043c", "\u043b\u0435\u0432\u044b\u0439", "\u0437\u0430\u0434\u043d\u0438\u0439", "\u0441\u0438\u043d\u0438\u0439", "1.6", "Almera Classic", "Nissan", "2006", "\u0441\u0435\u0434\u0430\u043d", "\u0431\u0435\u043d\u0437\u0438\u043d", "\u0430\u0432\u0442\u043e\u043c\u0430\u0442", "120\u00a0\u043b.\u0441.", "4", "KNMCSHLA*6P****72", "\n \u0420\u0435\u0441\u043f\u0443\u0431\u043b\u0438\u043a\u0430 \u0414\u0430\u0433\u0435\u0441\u0442\u0430\u043d, \u0433\u043e\u0440\u043e\u0434\u0441\u043a\u043e\u0439 \u043e\u043a\u0440\u0443\u0433 \u041c\u0430\u0445\u0430\u0447\u043a\u0430\u043b\u0430, \u043f\u043e\u0441\u0451\u043b\u043e\u043a \u0433\u043e\u0440\u043e\u0434\u0441\u043a\u043e\u0433\u043e \u0442\u0438\u043f\u0430 \u041b\u0435\u043d\u0438\u043d\u043a\u0435\u043d\u0442, \u0443\u043b\u0438\u0446\u0430 \u041a\u043e\u0440\u043a\u043c\u0430\u0441\u043e\u0432\u0430\n ", "230000"]:

SQLSTATE[22001]: String data, right truncated: 1406 Data too long for column 'addr' at row 1 | Файл: /var/www/avito/vendor/doctrine/dbal/lib/Doctrine/DBAL/Driver/AbstractMySQLDriver.php | Строка: 106
[2019-03-10 13-02-34] Текст ошибки: An exception occurred while executing 'INSERT INTO avito.avito_advert (`id_link`, `condition`, `owners`, `mileage`, `rudder`, `drive`, `color`, `engine_capacity`, `model`, `mark`, `year_of_issue`, `body_type`, `engine_type`, `transmission`, `engine_power`, `number_of_doors`, `vin`, `addr`, `price`) VALUES(?, ?, ?, ?, ?, ?, ?, ?, ?, ?, ?, ?, ?, ?, ?, ?, ?, ?, ?)' with params ["374", "\u043d\u0435 \u0431\u0438\u0442\u044b\u0439", "3", "250000\u00a0\u043a\u043c", "\u043b\u0435\u0432\u044b\u0439", "\u0437\u0430\u0434\u043d\u0438\u0439", "\u0441\u0438\u043d\u0438\u0439", "1.6", "Almera Classic", "Nissan", "2006", "\u0441\u0435\u0434\u0430\u043d", "\u0431\u0435\u043d\u0437\u0438\u043d", "\u0430\u0432\u0442\u043e\u043c\u0430\u0442", "120\u00a0\u043b.\u0441.", "4", "KNMCSHLA*6P****72", "\n \u0420\u0435\u0441\u043f\u0443\u0431\u043b\u0438\u043a\u0430 \u0414\u0430\u0433\u0435\u0441\u0442\u0430\u043d, \u0433\u043e\u0440\u043e\u0434\u0441\u043a\u043e\u0439 \u043e\u043a\u0440\u0443\u0433 \u041c\u0430\u0445\u0430\u0447\u043a\u0430\u043b\u0430, \u043f\u043e\u0441\u0451\u043b\u043e\u043a \u0433\u043e\u0440\u043e\u0434\u0441\u043a\u043e\u0433\u043e \u0442\u0438\u043f\u0430 \u041b\u0435\u043d\u0438\u043d\u043a\u0435\u043d\u0442, \u0443\u043b\u0438\u0446\u0430 \u041a\u043e\u0440\u043a\u043c\u0430\u0441\u043e\u0432\u0430\n ", "230000"]:

SQLSTATE[22001]: String data, right truncated: 1406 Data too long for column 'addr' at row 1 | Файл: /var/www/avito/vendor/doctrine/dbal/lib/Doctrine/DBAL/Driver/AbstractMySQLDriver.php | Строка: 106
[2019-03-10 13-03-06] Текст ошибки: An exception occurred while executing 'INSERT INTO avito.avito_advert (`id_link`, `condition`, `owners`, `mileage`, `rudder`, `drive`, `color`, `engine_capacity`, `model`, `mark`, `year_of_issue`, `body_type`, `engine_type`, `transmission`, `engine_power`, `number_of_doors`, `vin`, `addr`, `price`) VALUES(?, ?, ?, ?, ?, ?, ?, ?, ?, ?, ?, ?, ?, ?, ?, ?, ?, ?, ?)' with params ["374", "\u043d\u0435 \u0431\u0438\u0442\u044b\u0439", "3", "250000\u00a0\u043a\u043c", "\u043b\u0435\u0432\u044b\u0439", "\u0437\u0430\u0434\u043d\u0438\u0439", "\u0441\u0438\u043d\u0438\u0439", "1.6", "Almera Classic", "Nissan", "2006", "\u0441\u0435\u0434\u0430\u043d", "\u0431\u0435\u043d\u0437\u0438\u043d", "\u0430\u0432\u0442\u043e\u043c\u0430\u0442", "120\u00a0\u043b.\u0441.", "4", "KNMCSHLA*6P****72", "\n \u0420\u0435\u0441\u043f\u0443\u0431\u043b\u0438\u043a\u0430 \u0414\u0430\u0433\u0435\u0441\u0442\u0430\u043d, \u0433\u043e\u0440\u043e\u0434\u0441\u043a\u043e\u0439 \u043e\u043a\u0440\u0443\u0433 \u041c\u0430\u0445\u0430\u0447\u043a\u0430\u043b\u0430, \u043f\u043e\u0441\u0451\u043b\u043e\u043a \u0433\u043e\u0440\u043e\u0434\u0441\u043a\u043e\u0433\u043e \u0442\u0438\u043f\u0430 \u041b\u0435\u043d\u0438\u043d\u043a\u0435\u043d\u0442, \u0443\u043b\u0438\u0446\u0430 \u041a\u043e\u0440\u043a\u043c\u0430\u0441\u043e\u0432\u0430\n ", "230000"]:

SQLSTATE[22001]: String data, right truncated: 1406 Data too long for column 'addr' at row 1 | Файл: /var/www/avito/vendor/doctrine/dbal/lib/Doctrine/DBAL/Driver/AbstractMySQLDriver.php | Строка: 106
[2019-03-10 13-03-07] Текст ошибки: An exception occurred while executing 'INSERT INTO avito.avito_advert (`id_link`, `condition`, `owners`, `mileage`, `rudder`, `drive`, `color`, `engine_capacity`, `model`, `mark`, `year_of_issue`, `body_type`, `engine_type`, `transmission`, `engine_power`, `number_of_doors`, `vin`, `addr`, `price`) VALUES(?, ?, ?, ?, ?, ?, ?, ?, ?, ?, ?, ?, ?, ?, ?, ?, ?, ?, ?)' with params ["374", "\u043d\u0435 \u0431\u0438\u0442\u044b\u0439", "3", "250000\u00a0\u043a\u043c", "\u043b\u0435\u0432\u044b\u0439", "\u0437\u0430\u0434\u043d\u0438\u0439", "\u0441\u0438\u043d\u0438\u0439", "1.6", "Almera Classic", "Nissan", "2006", "\u0441\u0435\u0434\u0430\u043d", "\u0431\u0435\u043d\u0437\u0438\u043d", "\u0430\u0432\u0442\u043e\u043c\u0430\u0442", "120\u00a0\u043b.\u0441.", "4", "KNMCSHLA*6P****72", "\n \u0420\u0435\u0441\u043f\u0443\u0431\u043b\u0438\u043a\u0430 \u0414\u0430\u0433\u0435\u0441\u0442\u0430\u043d, \u0433\u043e\u0440\u043e\u0434\u0441\u043a\u043e\u0439 \u043e\u043a\u0440\u0443\u0433 \u041c\u0430\u0445\u0430\u0447\u043a\u0430\u043b\u0430, \u043f\u043e\u0441\u0451\u043b\u043e\u043a \u0433\u043e\u0440\u043e\u0434\u0441\u043a\u043e\u0433\u043e \u0442\u0438\u043f\u0430 \u041b\u0435\u043d\u0438\u043d\u043a\u0435\u043d\u0442, \u0443\u043b\u0438\u0446\u0430 \u041a\u043e\u0440\u043a\u043c\u0430\u0441\u043e\u0432\u0430\n ", "230000"]:

SQLSTATE[22001]: String data, right truncated: 1406 Data too long for column 'addr' at row 1 | Файл: /var/www/avito/vendor/doctrine/dbal/lib/Doctrine/DBAL/Driver/AbstractMySQLDriver.php | Строка: 106
[2019-03-10 13-05-07] Текст ошибки: Call to a member function getAttribute() on null | Файл: /var/www/avito/app/models/XmlPathParse.php | Строка: 143
[2019-03-10 17-58-47] Текст ошибки: An exception occurred while executing 'SELECT id, link FROM avito.avito_list_link WHERE avito_list_link.process = 0':

SQLSTATE[42S02]: Base table or view not found: 1146 Table 'avito.avito_list_link' doesn't exist | Файл: /var/www/avito/vendor/doctrine/dbal/lib/Doctrine/DBAL/Driver/AbstractMySQLDriver.php | Строка: 42
[2019-03-10 18-48-38] Текст ошибки: An exception occurred while executing 'INSERT IGNORE avito.avitolistlink(link, name, year, region) VALUES ':

SQLSTATE[42000]: Syntax error or access violation: 1064 You have an error in your SQL syntax; check the manual that corresponds to your MySQL server version for the right syntax to use near '' at line 1 | Файл: /var/www/avito/vendor/doctrine/dbal/lib/Doctrine/DBAL/Driver/AbstractMySQLDriver.php | Строка: 79
[2019-03-10 19-17-19] Текст ошибки: Call to a member function getAttribute() on null | Файл: /var/www/avito/app/models/XmlPathParse.php | Строка: 149
[2019-03-24 08-25-04] Текст ошибки: Не удалось получить страницу | Файл: /var/www/avito/app/controllers/MainController.php | Строка: 43
[2019-03-24 08-25-45] Текст ошибки: Не удалось получить страницу | Файл: /var/www/avito/app/controllers/MainController.php | Строка: 43
[2019-03-24 08-27-10] Текст ошибки: Не удалось получить страницу | Файл: /var/www/avito/app/controllers/MainController.php | Строка: 43
[2019-03-24 08-27-50] Текст ошибки: Не удалось получить страницу | Файл: /var/www/avito/app/controllers/MainController.php | Строка: 43
[2019-03-24 08-28-41] Текст ошибки: Не удалось получить страницу | Файл: /var/www/avito/app/controllers/MainController.php | Строка: 43
[2019-03-24 08-29-40] Текст ошибки: Не удалось получить страницу | Файл: /var/www/avito/app/controllers/MainController.php | Строка: 43
[2019-03-24 08-38-57] Текст ошибки: Received HTTP code 407 from proxy after CONNECT | Файл: /var/www/avito/app/models/GetPageAvitoModel.php | Строка: 99
[2019-03-24 10-18-33] Текст ошибки: Received HTTP code 407 from proxy after CONNECT | Файл: /var/www/avito/app/models/GetPageAvitoModel.php | Строка: 97
[2019-04-21 12-37-12] Текст ошибки: Метод oneAction не найден | Файл: /var/www/avito/vendor/ishop/core/Router.php | Строка: 41
[2019-04-21 12-44-07] Текст ошибки: Unknown SSL protocol error in connection to www.avito.ru:443  | Файл: /var/www/avito/app/models/GetPageAvitoModel.php | Строка: 145
[2019-04-21 12-52-54] Текст ошибки: Operation timed out after 4913 milliseconds with 0 bytes received | Файл: /var/www/avito/app/models/GetPageAvitoModel.php | Строка: 145
[2019-04-21 14-55-04] Текст ошибки: An exception occurred while executing 'INSERT INTO avito.avitoadvert (`id_link`, `condition`, `owners`, `mileage`, `rudder`, `drive`, `color`, `engine_capacity`, `model`, `mark`, `year_of_issue`, `body_type`, `engine_type`, `transmission`, `engine_power`, `number_of_doors`, `vin`, `addr`, `price`, `phone`) VALUES(?, ?, ?, ?, ?, ?, ?, ?, ?, ?, ?, ?, ?, ?, ?, ?, ?, ?, ?, ?)' with params ["13544", "\u043d\u0435 \u0431\u0438\u0442\u044b\u0439", "1", "92000\u00a0", "\u043b\u0435\u0432\u044b\u0439", "\u043f\u0435\u0440\u0435\u0434\u043d\u0438\u0439", "\u0441\u0435\u0440\u044b\u0439", "1.6", "Priora", "\u0412\u0410\u0417 (LADA)", "2011", "\u0443\u043d\u0438\u0432\u0435\u0440\u0441\u0430\u043b", "\u0431\u0435\u043d\u0437\u0438\u043d", "\u043c\u0435\u0445\u0430\u043d\u0438\u043a\u0430", "98\u00a0\u043b.\u0441.", "5", "XTA21713*B0****43", "\n \u042f\u0440\u043e\u0441\u043b\u0430\u0432\u043b\u044c, \u0417\u0430\u0432\u043e\u043b\u0436\u0441\u043a\u0438\u0439 \u0440\u0430\u0439\u043e\u043d\n ", "200000", "+79159809291"]:

SQLSTATE[01000]: Warning: 1265 Data truncated for column 'mileage' at row 1 | Файл: /var/www/avito/vendor/doctrine/dbal/lib/Doctrine/DBAL/Driver/AbstractMySQLDriver.php | Строка: 106
[2019-04-21 18-53-41] Текст ошибки: An exception occurred while executing 'INSERT INTO avito.avitoadvert (`id_link`, `condition`, `owners`, `mileage`, `rudder`, `drive`, `color`, `engine_capacity`, `model`, `mark`, `year_of_issue`, `body_type`, `engine_type`, `transmission`, `engine_power`, `number_of_doors`, `vin`, `addr`, `price`, `phone`) VALUES(?, ?, ?, ?, ?, ?, ?, ?, ?, ?, ?, ?, ?, ?, ?, ?, ?, ?, ?, ?)' with params ["13706", "\u043d\u0435 \u0431\u0438\u0442\u044b\u0439", "3", "76\u00a0", "\u043b\u0435\u0432\u044b\u0439", "\u043f\u043e\u043b\u043d\u044b\u0439", "\u0441\u0438\u043d\u0438\u0439", "1.8", "2126", "\u0418\u0416", "2003", "\u0445\u0435\u0442\u0447\u0431\u044d\u043a", "\u0431\u0435\u043d\u0437\u0438\u043d", "\u043c\u0435\u0445\u0430\u043d\u0438\u043a\u0430", "76\u00a0\u043b.\u0441.", "4", "XTK21260*30****74", "\n \u043f\u043e\u0441\u0451\u043b\u043e\u043a \u0433\u043e\u0440\u043e\u0434\u0441\u043a\u043e\u0433\u043e \u0442\u0438\u043f\u0430 \u041a\u0440\u0430\u0441\u043d\u0430\u044f \u0413\u043e\u0440\u0431\u0430\u0442\u043a\u0430, \u0421\u0435\u043b\u0438\u0432\u0430\u043d\u043e\u0432\u0441\u043a\u0438\u0439 \u0440\u0430\u0439\u043e\u043d, \u0412\u043b\u0430\u0434\u0438\u043c\u0438\u0440\u0441\u043a\u0430\u044f \u043e\u0431\u043b\u0430\u0441\u0442\u044c, \u0420\u044b\u043d\u043e\u0447\u043d\u0430\u044f \u043f\u043b\u043e\u0449\u0430\u0434\u044c\n ", "60000", "+79157507958"]:

SQLSTATE[01000]: Warning: 1265 Data truncated for column 'mileage' at row 1 | Файл: /var/www/avito/vendor/doctrine/dbal/lib/Doctrine/DBAL/Driver/AbstractMySQLDriver.php | Строка: 106
[2019-04-21 18-54-16] Текст ошибки: An exception occurred while executing 'INSERT INTO avito.avitoadvert (`id_link`, `condition`, `owners`, `mileage`, `rudder`, `drive`, `color`, `engine_capacity`, `model`, `mark`, `year_of_issue`, `body_type`, `engine_type`, `transmission`, `engine_power`, `number_of_doors`, `vin`, `addr`, `price`, `phone`) VALUES(?, ?, ?, ?, ?, ?, ?, ?, ?, ?, ?, ?, ?, ?, ?, ?, ?, ?, ?, ?)' with params ["13706", "\u043d\u0435 \u0431\u0438\u0442\u044b\u0439", "3", "76\u00a0", "\u043b\u0435\u0432\u044b\u0439", "\u043f\u043e\u043b\u043d\u044b\u0439", "\u0441\u0438\u043d\u0438\u0439", "1.8", "2126", "\u0418\u0416", "2003", "\u0445\u0435\u0442\u0447\u0431\u044d\u043a", "\u0431\u0435\u043d\u0437\u0438\u043d", "\u043c\u0435\u0445\u0430\u043d\u0438\u043a\u0430", "76\u00a0\u043b.\u0441.", "4", "XTK21260*30****74", "\n \u043f\u043e\u0441\u0451\u043b\u043e\u043a \u0433\u043e\u0440\u043e\u0434\u0441\u043a\u043e\u0433\u043e \u0442\u0438\u043f\u0430 \u041a\u0440\u0430\u0441\u043d\u0430\u044f \u0413\u043e\u0440\u0431\u0430\u0442\u043a\u0430, \u0421\u0435\u043b\u0438\u0432\u0430\u043d\u043e\u0432\u0441\u043a\u0438\u0439 \u0440\u0430\u0439\u043e\u043d, \u0412\u043b\u0430\u0434\u0438\u043c\u0438\u0440\u0441\u043a\u0430\u044f \u043e\u0431\u043b\u0430\u0441\u0442\u044c, \u0420\u044b\u043d\u043e\u0447\u043d\u0430\u044f \u043f\u043b\u043e\u0449\u0430\u0434\u044c\n ", "60000", "+79157507958"]:

SQLSTATE[01000]: Warning: 1265 Data truncated for column 'mileage' at row 1 | Файл: /var/www/avito/vendor/doctrine/dbal/lib/Doctrine/DBAL/Driver/AbstractMySQLDriver.php | Строка: 106
[2019-04-21 18-55-00] Текст ошибки: An exception occurred while executing 'INSERT INTO avito.avitoadvert (`id_link`, `condition`, `owners`, `mileage`, `rudder`, `drive`, `color`, `engine_capacity`, `model`, `mark`, `year_of_issue`, `body_type`, `engine_type`, `transmission`, `engine_power`, `number_of_doors`, `vin`, `addr`, `price`, `phone`) VALUES(?, ?, ?, ?, ?, ?, ?, ?, ?, ?, ?, ?, ?, ?, ?, ?, ?, ?, ?, ?)' with params ["13706", "\u043d\u0435 \u0431\u0438\u0442\u044b\u0439", "3", "76\u00a0", "\u043b\u0435\u0432\u044b\u0439", "\u043f\u043e\u043b\u043d\u044b\u0439", "\u0441\u0438\u043d\u0438\u0439", "1.8", "2126", "\u0418\u0416", "2003", "\u0445\u0435\u0442\u0447\u0431\u044d\u043a", "\u0431\u0435\u043d\u0437\u0438\u043d", "\u043c\u0435\u0445\u0430\u043d\u0438\u043a\u0430", "76\u00a0\u043b.\u0441.", "4", "XTK21260*30****74", "\n \u043f\u043e\u0441\u0451\u043b\u043e\u043a \u0433\u043e\u0440\u043e\u0434\u0441\u043a\u043e\u0433\u043e \u0442\u0438\u043f\u0430 \u041a\u0440\u0430\u0441\u043d\u0430\u044f \u0413\u043e\u0440\u0431\u0430\u0442\u043a\u0430, \u0421\u0435\u043b\u0438\u0432\u0430\u043d\u043e\u0432\u0441\u043a\u0438\u0439 \u0440\u0430\u0439\u043e\u043d, \u0412\u043b\u0430\u0434\u0438\u043c\u0438\u0440\u0441\u043a\u0430\u044f \u043e\u0431\u043b\u0430\u0441\u0442\u044c, \u0420\u044b\u043d\u043e\u0447\u043d\u0430\u044f \u043f\u043b\u043e\u0449\u0430\u0434\u044c\n ", "60000", "+79157507958"]:

SQLSTATE[01000]: Warning: 1265 Data truncated for column 'mileage' at row 1 | Файл: /var/www/avito/vendor/doctrine/dbal/lib/Doctrine/DBAL/Driver/AbstractMySQLDriver.php | Строка: 106
[2019-04-21 18-58-00] Текст ошибки: An exception occurred while executing 'INSERT INTO avito.avitoadvert (`id_link`, `condition`, `owners`, `mileage`, `rudder`, `drive`, `color`, `engine_capacity`, `model`, `mark`, `year_of_issue`, `body_type`, `engine_type`, `transmission`, `engine_power`, `number_of_doors`, `vin`, `addr`, `price`, `phone`) VALUES(?, ?, ?, ?, ?, ?, ?, ?, ?, ?, ?, ?, ?, ?, ?, ?, ?, ?, ?, ?)' with params ["13706", "\u043d\u0435 \u0431\u0438\u0442\u044b\u0439", "3", "76\u00a0", "\u043b\u0435\u0432\u044b\u0439", "\u043f\u043e\u043b\u043d\u044b\u0439", "\u0441\u0438\u043d\u0438\u0439", "1.8", "2126", "\u0418\u0416", "2003", "\u0445\u0435\u0442\u0447\u0431\u044d\u043a", "\u0431\u0435\u043d\u0437\u0438\u043d", "\u043c\u0435\u0445\u0430\u043d\u0438\u043a\u0430", "76\u00a0\u043b.\u0441.", "4", "XTK21260*30****74", "\n \u043f\u043e\u0441\u0451\u043b\u043e\u043a \u0433\u043e\u0440\u043e\u0434\u0441\u043a\u043e\u0433\u043e \u0442\u0438\u043f\u0430 \u041a\u0440\u0430\u0441\u043d\u0430\u044f \u0413\u043e\u0440\u0431\u0430\u0442\u043a\u0430, \u0421\u0435\u043b\u0438\u0432\u0430\u043d\u043e\u0432\u0441\u043a\u0438\u0439 \u0440\u0430\u0439\u043e\u043d, \u0412\u043b\u0430\u0434\u0438\u043c\u0438\u0440\u0441\u043a\u0430\u044f \u043e\u0431\u043b\u0430\u0441\u0442\u044c, \u0420\u044b\u043d\u043e\u0447\u043d\u0430\u044f \u043f\u043b\u043e\u0449\u0430\u0434\u044c\n ", "60000", "+79157507958"]:

SQLSTATE[01000]: Warning: 1265 Data truncated for column 'mileage' at row 1 | Файл: /var/www/avito/vendor/doctrine/dbal/lib/Doctrine/DBAL/Driver/AbstractMySQLDriver.php | Строка: 106
[2019-04-21 19-00-33] Текст ошибки: An exception occurred while executing 'INSERT INTO avito.avitoadvert (`id_link`, `condition`, `owners`, `mileage`, `rudder`, `drive`, `color`, `engine_capacity`, `model`, `mark`, `year_of_issue`, `body_type`, `engine_type`, `transmission`, `engine_power`, `number_of_doors`, `vin`, `addr`, `price`, `phone`) VALUES(?, ?, ?, ?, ?, ?, ?, ?, ?, ?, ?, ?, ?, ?, ?, ?, ?, ?, ?, ?)' with params ["13706", "\u043d\u0435 \u0431\u0438\u0442\u044b\u0439", "3", "76\u00a0", "\u043b\u0435\u0432\u044b\u0439", "\u043f\u043e\u043b\u043d\u044b\u0439", "\u0441\u0438\u043d\u0438\u0439", "1.8", "2126", "\u0418\u0416", "2003", "\u0445\u0435\u0442\u0447\u0431\u044d\u043a", "\u0431\u0435\u043d\u0437\u0438\u043d", "\u043c\u0435\u0445\u0430\u043d\u0438\u043a\u0430", "76\u00a0\u043b.\u0441.", "4", "XTK21260*30****74", "\n \u043f\u043e\u0441\u0451\u043b\u043e\u043a \u0433\u043e\u0440\u043e\u0434\u0441\u043a\u043e\u0433\u043e \u0442\u0438\u043f\u0430 \u041a\u0440\u0430\u0441\u043d\u0430\u044f \u0413\u043e\u0440\u0431\u0430\u0442\u043a\u0430, \u0421\u0435\u043b\u0438\u0432\u0430\u043d\u043e\u0432\u0441\u043a\u0438\u0439 \u0440\u0430\u0439\u043e\u043d, \u0412\u043b\u0430\u0434\u0438\u043c\u0438\u0440\u0441\u043a\u0430\u044f \u043e\u0431\u043b\u0430\u0441\u0442\u044c, \u0420\u044b\u043d\u043e\u0447\u043d\u0430\u044f \u043f\u043b\u043e\u0449\u0430\u0434\u044c\n ", "60000", "+79157507958"]:

SQLSTATE[01000]: Warning: 1265 Data truncated for column 'mileage' at row 1 | Файл: /var/www/avito/vendor/doctrine/dbal/lib/Doctrine/DBAL/Driver/AbstractMySQLDriver.php | Строка: 106
[2019-04-21 19-02-00] Текст ошибки: An exception occurred while executing 'INSERT INTO avito.avitoadvert (`id_link`, `condition`, `owners`, `mileage`, `rudder`, `drive`, `color`, `engine_capacity`, `model`, `mark`, `year_of_issue`, `body_type`, `engine_type`, `transmission`, `engine_power`, `number_of_doors`, `vin`, `addr`, `price`, `phone`) VALUES(?, ?, ?, ?, ?, ?, ?, ?, ?, ?, ?, ?, ?, ?, ?, ?, ?, ?, ?, ?)' with params ["13706", "\u043d\u0435 \u0431\u0438\u0442\u044b\u0439", "3", 120000, "\u043b\u0435\u0432\u044b\u0439", "\u043f\u043e\u043b\u043d\u044b\u0439", "\u0441\u0438\u043d\u0438\u0439", "1.8", "2126", "\u0418\u0416", "2003", "\u0445\u0435\u0442\u0447\u0431\u044d\u043a", "\u0431\u0435\u043d\u0437\u0438\u043d", "\u043c\u0435\u0445\u0430\u043d\u0438\u043a\u0430", "76\u00a0\u043b.\u0441.", "4", "XTK21260*30****74", "\n \u043f\u043e\u0441\u0451\u043b\u043e\u043a \u0433\u043e\u0440\u043e\u0434\u0441\u043a\u043e\u0433\u043e \u0442\u0438\u043f\u0430 \u041a\u0440\u0430\u0441\u043d\u0430\u044f \u0413\u043e\u0440\u0431\u0430\u0442\u043a\u0430, \u0421\u0435\u043b\u0438\u0432\u0430\u043d\u043e\u0432\u0441\u043a\u0438\u0439 \u0440\u0430\u0439\u043e\u043d, \u0412\u043b\u0430\u0434\u0438\u043c\u0438\u0440\u0441\u043a\u0430\u044f \u043e\u0431\u043b\u0430\u0441\u0442\u044c, \u0420\u044b\u043d\u043e\u0447\u043d\u0430\u044f \u043f\u043b\u043e\u0449\u0430\u0434\u044c\n ", "60000", "+79157507958"]:

SQLSTATE[01000]: Warning: 1265 Data truncated for column 'mark' at row 1 | Файл: /var/www/avito/vendor/doctrine/dbal/lib/Doctrine/DBAL/Driver/AbstractMySQLDriver.php | Строка: 106
[2019-04-21 19-03-54] Текст ошибки: An exception occurred while executing 'INSERT INTO avito.avitoadvert (`id_link`, `condition`, `owners`, `mileage`, `rudder`, `drive`, `color`, `engine_capacity`, `model`, `mark`, `year_of_issue`, `body_type`, `engine_type`, `transmission`, `engine_power`, `number_of_doors`, `vin`, `addr`, `price`, `phone`) VALUES(?, ?, ?, ?, ?, ?, ?, ?, ?, ?, ?, ?, ?, ?, ?, ?, ?, ?, ?, ?)' with params ["13706", "\u043d\u0435 \u0431\u0438\u0442\u044b\u0439", "3", 120000, "\u043b\u0435\u0432\u044b\u0439", "\u043f\u043e\u043b\u043d\u044b\u0439", "\u0441\u0438\u043d\u0438\u0439", "1.8", "2126", "\u0418\u0416", "2003", "\u0445\u0435\u0442\u0447\u0431\u044d\u043a", "\u0431\u0435\u043d\u0437\u0438\u043d", "\u043c\u0435\u0445\u0430\u043d\u0438\u043a\u0430", "76\u00a0\u043b.\u0441.", "4", "XTK21260*30****74", "\n \u043f\u043e\u0441\u0451\u043b\u043e\u043a \u0433\u043e\u0440\u043e\u0434\u0441\u043a\u043e\u0433\u043e \u0442\u0438\u043f\u0430 \u041a\u0440\u0430\u0441\u043d\u0430\u044f \u0413\u043e\u0440\u0431\u0430\u0442\u043a\u0430, \u0421\u0435\u043b\u0438\u0432\u0430\u043d\u043e\u0432\u0441\u043a\u0438\u0439 \u0440\u0430\u0439\u043e\u043d, \u0412\u043b\u0430\u0434\u0438\u043c\u0438\u0440\u0441\u043a\u0430\u044f \u043e\u0431\u043b\u0430\u0441\u0442\u044c, \u0420\u044b\u043d\u043e\u0447\u043d\u0430\u044f \u043f\u043b\u043e\u0449\u0430\u0434\u044c\n ", "60000", "+79157507958"]:

SQLSTATE[01000]: Warning: 1265 Data truncated for column 'engine_power' at row 1 | Файл: /var/www/avito/vendor/doctrine/dbal/lib/Doctrine/DBAL/Driver/AbstractMySQLDriver.php | Строка: 106
[2019-04-21 19-08-17] Текст ошибки: An exception occurred while executing 'INSERT INTO avito.avitoadvert (`id_link`, `condition`, `owners`, `mileage`, `rudder`, `drive`, `color`, `engine_capacity`, `model`, `mark`, `year_of_issue`, `body_type`, `engine_type`, `transmission`, `engine_power`, `number_of_doors`, `vin`, `addr`, `price`, `phone`) VALUES(?, ?, ?, ?, ?, ?, ?, ?, ?, ?, ?, ?, ?, ?, ?, ?, ?, ?, ?, ?)' with params ["13824", "\u043d\u0435 \u0431\u0438\u0442\u044b\u0439", "2", 107000, "\u043b\u0435\u0432\u044b\u0439", "\u0437\u0430\u0434\u043d\u0438\u0439", "\u0431\u0435\u043b\u044b\u0439", "6.0+", "Excursion", "Ford", "2001", "\u043b\u0438\u043c\u0443\u0437\u0438\u043d", "\u0431\u0435\u043d\u0437\u0438\u043d", "\u0430\u0432\u0442\u043e\u043c\u0430\u0442", 310, "4", "1FMNU40S*1E****45", "\n \u041c\u043e\u0441\u043a\u043e\u0432\u0441\u043a\u0430\u044f \u043e\u0431\u043b\u0430\u0441\u0442\u044c, \u0418\u0432\u0430\u043d\u0442\u0435\u0435\u0432\u043a\u0430\n ", "350000", "+79169912636"]:

SQLSTATE[01000]: Warning: 1265 Data truncated for column 'engine_capacity' at row 1 | Файл: /var/www/avito/vendor/doctrine/dbal/lib/Doctrine/DBAL/Driver/AbstractMySQLDriver.php | Строка: 106
[2019-04-21 19-12-50] Текст ошибки: An exception occurred while executing 'INSERT INTO avito.avitoadvert (`id_link`, `condition`, `owners`, `mileage`, `rudder`, `drive`, `color`, `engine_capacity`, `model`, `mark`, `year_of_issue`, `body_type`, `engine_type`, `transmission`, `engine_power`, `number_of_doors`, `vin`, `addr`, `price`, `phone`) VALUES(?, ?, ?, ?, ?, ?, ?, ?, ?, ?, ?, ?, ?, ?, ?, ?, ?, ?, ?, ?)' with params ["13824", "\u043d\u0435 \u0431\u0438\u0442\u044b\u0439", "2", 107000, "\u043b\u0435\u0432\u044b\u0439", "\u0437\u0430\u0434\u043d\u0438\u0439", "\u0431\u0435\u043b\u044b\u0439", "6.0+", "Excursion", "Ford", "2001", "\u043b\u0438\u043c\u0443\u0437\u0438\u043d", "\u0431\u0435\u043d\u0437\u0438\u043d", "\u0430\u0432\u0442\u043e\u043c\u0430\u0442", 310, "4", "1FMNU40S*1E****45", "\n \u041c\u043e\u0441\u043a\u043e\u0432\u0441\u043a\u0430\u044f \u043e\u0431\u043b\u0430\u0441\u0442\u044c, \u0418\u0432\u0430\u043d\u0442\u0435\u0435\u0432\u043a\u0430\n ", "350000", "+79169912636"]:

SQLSTATE[01000]: Warning: 1265 Data truncated for column 'engine_capacity' at row 1 | Файл: /var/www/avito/vendor/doctrine/dbal/lib/Doctrine/DBAL/Driver/AbstractMySQLDriver.php | Строка: 106
